2025-08-25 20:11:13.318 | INFO     | __main__:load_cookies:23 - 成功加载cookies文件: cookies/zhihu_cookies.json
2025-08-25 20:11:13.318 | INFO     | __main__:load_cookies:24 - Cookies数量: 21
2025-08-25 20:11:13.318 | WARNING  | __main__:load_cookies:34 - Cookie BEC 已过期: 2025-08-17 12:43:33
2025-08-25 20:11:13.318 | INFO     | __main__:load_cookies:32 - Cookie q_c1 有效期至: 2026-09-21 11:43:13 (未过期)
2025-08-25 20:11:13.318 | INFO     | __main__:load_cookies:32 - Cookie captcha_ticket_v2 有效期至: 2025-09-16 11:42:09 (未过期)
2025-08-25 20:11:13.318 | INFO     | __main__:load_cookies:32 - Cookie z_c0 有效期至: 2026-02-13 11:43:11 (未过期)
2025-08-25 20:11:13.318 | INFO     | __main__:load_cookies:32 - Cookie gdxidpyhxdE 有效期至: 2025-09-16 11:56:59 (未过期)
2025-08-25 20:11:13.318 | INFO     | __main__:load_cookies:32 - Cookie __snaker__id 有效期至: 2026-08-17 11:41:58 (未过期)
2025-08-25 20:11:13.318 | INFO     | __main__:load_cookies:32 - Cookie tst 有效期至: 2025-09-16 11:43:33 (未过期)
2025-08-25 20:11:13.319 | INFO     | __main__:load_cookies:32 - Cookie captcha_session_v2 有效期至: 2025-09-16 11:41:58 (未过期)
2025-08-25 20:11:13.319 | INFO     | __main__:load_cookies:32 - Cookie _zap 有效期至: 2026-09-21 11:41:57 (未过期)
2025-08-25 20:11:13.319 | INFO     | __main__:load_cookies:32 - Cookie d_c0 有效期至: 2026-09-21 11:41:58 (未过期)
2025-08-25 20:11:13.319 | INFO     | __main__:load_cookies:32 - Cookie Hm_lvt_98beee57fd2ef70ccdd5ca52b9740c49 有效期至: 2026-08-17 11:43:34 (未过期)
2025-08-25 20:11:13.319 | INFO     | __main__:test_api_connection:49 - 测试API连接，使用问题ID: 25038841
2025-08-25 20:11:14.223 | INFO     | __main__:test_api_connection:86 - 知乎主页访问状态: 200
2025-08-25 20:11:14.223 | INFO     | __main__:test_api_connection:93 - 请求API: https://www.zhihu.com/api/v4/questions/25038841/feeds
2025-08-25 20:11:14.299 | INFO     | __main__:test_api_connection:96 - API响应状态码: 403
2025-08-25 20:11:14.299 | ERROR    | __main__:test_api_connection:127 - API请求失败: 403
2025-08-25 20:17:13.247 | INFO     | __main__:load_cookies:23 - 成功加载cookies文件: cookies/zhihu_cookies.json
2025-08-25 20:17:13.248 | INFO     | __main__:load_cookies:24 - Cookies数量: 22
2025-08-25 20:17:13.248 | WARNING  | __main__:load_cookies:34 - Cookie BEC 已过期: 2025-08-17 18:37:58
2025-08-25 20:17:13.248 | INFO     | __main__:load_cookies:32 - Cookie q_c1 有效期至: 2026-09-21 17:37:52 (未过期)
2025-08-25 20:17:13.248 | WARNING  | __main__:load_cookies:34 - Cookie captcha_ticket_v2 已过期: 2025-08-17 17:47:51
2025-08-25 20:17:13.248 | WARNING  | __main__:load_cookies:34 - Cookie captcha_session_v2 已过期: 2025-08-17 17:47:44
2025-08-25 20:17:13.248 | INFO     | __main__:load_cookies:32 - Cookie gdxidpyhxdE 有效期至: 2025-09-16 17:51:48 (未过期)
2025-08-25 20:17:13.249 | INFO     | __main__:load_cookies:32 - Cookie __snaker__id 有效期至: 2026-08-17 17:36:47 (未过期)
2025-08-25 20:17:13.249 | INFO     | __main__:load_cookies:32 - Cookie Hm_lvt_98beee57fd2ef70ccdd5ca52b9740c49 有效期至: 2026-08-17 17:37:58 (未过期)
2025-08-25 20:17:13.249 | WARNING  | __main__:load_cookies:34 - Cookie sec_token 已过期: 2025-08-17 17:47:43
2025-08-25 20:17:13.249 | INFO     | __main__:test_api_connection:49 - 测试API连接，使用问题ID: 25038841
2025-08-25 20:17:13.523 | INFO     | __main__:test_api_connection:86 - 知乎主页访问状态: 403
2025-08-25 20:17:13.523 | INFO     | __main__:test_api_connection:93 - 请求API: https://www.zhihu.com/api/v4/questions/25038841/feeds
2025-08-25 20:17:14.023 | INFO     | __main__:test_api_connection:96 - API响应状态码: 403
2025-08-25 20:17:14.024 | ERROR    | __main__:test_api_connection:127 - API请求失败: 403
2025-08-25 20:17:46.233 | INFO     | __main__:load_cookies:23 - 成功加载cookies文件: cookies/zhihu_cookies.json
2025-08-25 20:17:46.233 | INFO     | __main__:load_cookies:24 - Cookies数量: 22
2025-08-25 20:17:46.233 | WARNING  | __main__:load_cookies:34 - Cookie BEC 已过期: 2025-08-17 18:37:58
2025-08-25 20:17:46.233 | INFO     | __main__:load_cookies:32 - Cookie q_c1 有效期至: 2026-09-21 17:37:52 (未过期)
2025-08-25 20:17:46.233 | WARNING  | __main__:load_cookies:34 - Cookie captcha_ticket_v2 已过期: 2025-08-17 17:47:51
2025-08-25 20:17:46.233 | WARNING  | __main__:load_cookies:34 - Cookie captcha_session_v2 已过期: 2025-08-17 17:47:44
2025-08-25 20:17:46.233 | INFO     | __main__:load_cookies:32 - Cookie gdxidpyhxdE 有效期至: 2025-09-16 17:51:48 (未过期)
2025-08-25 20:17:46.233 | INFO     | __main__:load_cookies:32 - Cookie __snaker__id 有效期至: 2026-08-17 17:36:47 (未过期)
2025-08-25 20:17:46.234 | INFO     | __main__:load_cookies:32 - Cookie Hm_lvt_98beee57fd2ef70ccdd5ca52b9740c49 有效期至: 2026-08-17 17:37:58 (未过期)
2025-08-25 20:17:46.234 | WARNING  | __main__:load_cookies:34 - Cookie sec_token 已过期: 2025-08-17 17:47:43
2025-08-25 20:17:46.234 | INFO     | __main__:test_api_connection:49 - 测试API连接，使用问题ID: 25038841
2025-08-25 20:17:46.586 | INFO     | __main__:test_api_connection:88 - 知乎主页访问状态: 403
2025-08-25 20:17:46.587 | INFO     | __main__:test_api_connection:95 - 请求API: https://www.zhihu.com/api/v4/questions/25038841/answers
2025-08-25 20:17:46.711 | INFO     | __main__:test_api_connection:98 - API响应状态码: 403
2025-08-25 20:17:46.712 | ERROR    | __main__:test_api_connection:129 - API请求失败: 403
2025-08-25 20:20:04.858 | INFO     | __main__:load_cookies:23 - 成功加载cookies文件: cookies/zhihu_cookies.json
2025-08-25 20:20:04.859 | INFO     | __main__:load_cookies:24 - Cookies数量: 22
2025-08-25 20:20:04.859 | WARNING  | __main__:load_cookies:34 - Cookie BEC 已过期: 2025-08-17 18:37:58
2025-08-25 20:20:04.859 | INFO     | __main__:load_cookies:32 - Cookie q_c1 有效期至: 2026-09-21 17:37:52 (未过期)
2025-08-25 20:20:04.859 | WARNING  | __main__:load_cookies:34 - Cookie captcha_ticket_v2 已过期: 2025-08-17 17:47:51
2025-08-25 20:20:04.859 | WARNING  | __main__:load_cookies:34 - Cookie captcha_session_v2 已过期: 2025-08-17 17:47:44
2025-08-25 20:20:04.859 | INFO     | __main__:load_cookies:32 - Cookie gdxidpyhxdE 有效期至: 2025-09-16 17:51:48 (未过期)
2025-08-25 20:20:04.859 | INFO     | __main__:load_cookies:32 - Cookie __snaker__id 有效期至: 2026-08-17 17:36:47 (未过期)
2025-08-25 20:20:04.859 | INFO     | __main__:load_cookies:32 - Cookie Hm_lvt_98beee57fd2ef70ccdd5ca52b9740c49 有效期至: 2026-08-17 17:37:58 (未过期)
2025-08-25 20:20:04.859 | WARNING  | __main__:load_cookies:34 - Cookie sec_token 已过期: 2025-08-17 17:47:43
2025-08-25 20:20:04.859 | INFO     | __main__:test_api_connection:49 - 测试API连接，使用问题ID: 25038841
2025-08-25 20:20:06.444 | INFO     | __main__:test_api_connection:93 - 知乎主页访问状态: 200
2025-08-25 20:20:06.444 | INFO     | __main__:test_api_connection:100 - 请求API: https://www.zhihu.com/api/v4/questions/25038841/answers
2025-08-25 20:20:06.802 | INFO     | __main__:test_api_connection:104 - API响应状态码: 403
2025-08-25 20:20:06.803 | ERROR    | __main__:test_api_connection:135 - API请求失败: 403
2025-08-25 20:22:56.035 | INFO     | __main__:load_cookies:24 - 成功加载cookies文件: cookies/zhihu_cookies.json
2025-08-25 20:22:56.035 | INFO     | __main__:load_cookies:25 - Cookies数量: 22
2025-08-25 20:22:56.036 | WARNING  | __main__:load_cookies:35 - Cookie BEC 已过期: 2025-08-17 18:37:58
2025-08-25 20:22:56.036 | INFO     | __main__:load_cookies:33 - Cookie q_c1 有效期至: 2026-09-21 17:37:52 (未过期)
2025-08-25 20:22:56.036 | WARNING  | __main__:load_cookies:35 - Cookie captcha_ticket_v2 已过期: 2025-08-17 17:47:51
2025-08-25 20:22:56.036 | WARNING  | __main__:load_cookies:35 - Cookie captcha_session_v2 已过期: 2025-08-17 17:47:44
2025-08-25 20:22:56.036 | INFO     | __main__:load_cookies:33 - Cookie gdxidpyhxdE 有效期至: 2025-09-16 17:51:48 (未过期)
2025-08-25 20:22:56.036 | INFO     | __main__:load_cookies:33 - Cookie __snaker__id 有效期至: 2026-08-17 17:36:47 (未过期)
2025-08-25 20:22:56.036 | INFO     | __main__:load_cookies:33 - Cookie Hm_lvt_98beee57fd2ef70ccdd5ca52b9740c49 有效期至: 2026-08-17 17:37:58 (未过期)
2025-08-25 20:22:56.036 | WARNING  | __main__:load_cookies:35 - Cookie sec_token 已过期: 2025-08-17 17:47:43
2025-08-25 20:22:56.036 | INFO     | __main__:test_api_connection:50 - 测试API连接，使用问题ID: 25038841
2025-08-25 20:22:56.036 | INFO     | __main__:test_api_connection:59 - 从cookies中提取到d_c0: LhdUv57jkBqPTiH9tVCnp2xbGKAlvES8sWA=|1749179944
2025-08-25 20:22:57.178 | INFO     | __main__:test_api_connection:96 - 知乎主页访问状态: 200
2025-08-25 20:22:57.179 | INFO     | __main__:test_api_connection:103 - 请求API: https://www.zhihu.com/api/v4/questions/25038841/answers?include=data%5B%2A%5D.is_normal%2Ccomment_count%2Cvoteup_count%2Ccontent%2Ccreated_time%3Bdata%5B%2A%5D.author.follower_count%2Cbadge%5B%2A%5D.topics&limit=5&offset=0&platform=desktop&sort_by=default&session_id=1756124576036696
2025-08-25 20:22:57.325 | INFO     | __main__:test_api_connection:109 - API响应状态码: 403
2025-08-25 20:22:57.326 | ERROR    | __main__:test_api_connection:140 - API请求失败: 403
2025-08-25 20:23:50.082 | INFO     | __main__:load_cookies:24 - 成功加载cookies文件: cookies/zhihu_cookies.json
2025-08-25 20:23:50.083 | INFO     | __main__:load_cookies:25 - Cookies数量: 22
2025-08-25 20:23:50.083 | WARNING  | __main__:load_cookies:35 - Cookie BEC 已过期: 2025-08-17 18:37:58
2025-08-25 20:23:50.084 | INFO     | __main__:load_cookies:33 - Cookie q_c1 有效期至: 2026-09-21 17:37:52 (未过期)
2025-08-25 20:23:50.084 | WARNING  | __main__:load_cookies:35 - Cookie captcha_ticket_v2 已过期: 2025-08-17 17:47:51
2025-08-25 20:23:50.084 | WARNING  | __main__:load_cookies:35 - Cookie captcha_session_v2 已过期: 2025-08-17 17:47:44
2025-08-25 20:23:50.084 | INFO     | __main__:load_cookies:33 - Cookie gdxidpyhxdE 有效期至: 2025-09-16 17:51:48 (未过期)
2025-08-25 20:23:50.084 | INFO     | __main__:load_cookies:33 - Cookie __snaker__id 有效期至: 2026-08-17 17:36:47 (未过期)
2025-08-25 20:23:50.084 | INFO     | __main__:load_cookies:33 - Cookie Hm_lvt_98beee57fd2ef70ccdd5ca52b9740c49 有效期至: 2026-08-17 17:37:58 (未过期)
2025-08-25 20:23:50.084 | WARNING  | __main__:load_cookies:35 - Cookie sec_token 已过期: 2025-08-17 17:47:43
2025-08-25 20:23:50.084 | INFO     | __main__:test_api_connection:50 - 测试API连接，使用问题ID: 25038841
2025-08-25 20:23:50.084 | INFO     | __main__:test_api_connection:59 - 从cookies中提取到d_c0: LhdUv57jkBqPTiH9tVCnp2xbGKAlvES8sWA=|1749179944
2025-08-25 20:23:51.238 | INFO     | __main__:test_api_connection:99 - 知乎主页访问状态: 200
2025-08-25 20:23:51.239 | INFO     | __main__:test_api_connection:106 - 请求API: https://www.zhihu.com/api/v4/questions/25038841/answers?include=data%5B%2A%5D.is_normal%2Ccomment_count%2Cvoteup_count%2Ccontent%2Ccreated_time%3Bdata%5B%2A%5D.author.follower_count%2Cbadge%5B%2A%5D.topics&limit=5&offset=0&platform=desktop&sort_by=default&session_id=1756124630084887
2025-08-25 20:23:51.573 | INFO     | __main__:test_api_connection:112 - API响应状态码: 403
2025-08-25 20:23:51.574 | ERROR    | __main__:test_api_connection:143 - API请求失败: 403
2025-08-25 20:29:07.885 | INFO     | __main__:load_cookies:24 - 成功加载cookies文件: cookies/zhihu_cookies.json
2025-08-25 20:29:07.886 | INFO     | __main__:load_cookies:25 - Cookies数量: 22
2025-08-25 20:29:07.886 | WARNING  | __main__:load_cookies:35 - Cookie BEC 已过期: 2025-08-17 18:37:58
2025-08-25 20:29:07.886 | INFO     | __main__:load_cookies:33 - Cookie q_c1 有效期至: 2026-09-21 17:37:52 (未过期)
2025-08-25 20:29:07.886 | WARNING  | __main__:load_cookies:35 - Cookie captcha_ticket_v2 已过期: 2025-08-17 17:47:51
2025-08-25 20:29:07.886 | WARNING  | __main__:load_cookies:35 - Cookie captcha_session_v2 已过期: 2025-08-17 17:47:44
2025-08-25 20:29:07.886 | INFO     | __main__:load_cookies:33 - Cookie gdxidpyhxdE 有效期至: 2025-09-16 17:51:48 (未过期)
2025-08-25 20:29:07.887 | INFO     | __main__:load_cookies:33 - Cookie __snaker__id 有效期至: 2026-08-17 17:36:47 (未过期)
2025-08-25 20:29:07.887 | INFO     | __main__:load_cookies:33 - Cookie Hm_lvt_98beee57fd2ef70ccdd5ca52b9740c49 有效期至: 2026-08-17 17:37:58 (未过期)
2025-08-25 20:29:07.887 | WARNING  | __main__:load_cookies:35 - Cookie sec_token 已过期: 2025-08-17 17:47:43
2025-08-25 20:29:07.887 | INFO     | __main__:test_api_connection:50 - 测试API连接，使用问题ID: 25038841
2025-08-25 20:29:07.887 | INFO     | __main__:test_api_connection:59 - 从cookies中提取到d_c0: LhdUv57jkBqPTiH9tVCnp2xbGKAlvES8sWA=|1749179944
2025-08-25 20:29:08.978 | INFO     | __main__:test_api_connection:99 - 知乎主页访问状态: 200
2025-08-25 20:29:08.979 | INFO     | __main__:test_api_connection:106 - 请求API: https://www.zhihu.com/api/v4/questions/25038841/answers?include=data%5B%2A%5D.is_normal%2Ccomment_count%2Cvoteup_count%2Ccontent%2Ccreated_time%3Bdata%5B%2A%5D.author.follower_count%2Cbadge%5B%2A%5D.topics&limit=5&offset=0&platform=desktop&sort_by=default&session_id=1756124947887312
2025-08-25 20:29:09.139 | INFO     | __main__:test_api_connection:112 - API响应状态码: 403
2025-08-25 20:29:09.140 | ERROR    | __main__:test_api_connection:143 - API请求失败: 403
2025-08-25 20:34:37.231 | INFO     | __main__:load_cookies:24 - 成功加载cookies文件: cookies/zhihu_cookies.json
2025-08-25 20:34:37.232 | INFO     | __main__:load_cookies:25 - Cookies数量: 9
2025-08-25 20:34:37.232 | INFO     | __main__:test_api_connection:50 - 测试API连接，使用问题ID: 25038841
2025-08-25 20:34:37.232 | INFO     | __main__:test_api_connection:59 - 从cookies中提取到d_c0: LhdUv57jkBqPTiH9tVCnp2xbGKAlvES8sWA=|1749179944
2025-08-25 20:34:38.500 | INFO     | __main__:test_api_connection:99 - 知乎主页访问状态: 200
2025-08-25 20:34:38.501 | INFO     | __main__:test_api_connection:106 - 请求API: https://www.zhihu.com/api/v4/questions/25038841/answers?include=data%5B%2A%5D.is_normal%2Ccomment_count%2Cvoteup_count%2Ccontent%2Ccreated_time%3Bdata%5B%2A%5D.author.follower_count%2Cbadge%5B%2A%5D.topics&limit=5&offset=0&platform=desktop&sort_by=default&session_id=1756125277233061
2025-08-25 20:34:38.869 | INFO     | __main__:test_api_connection:112 - API响应状态码: 403
2025-08-25 20:34:38.869 | ERROR    | __main__:test_api_connection:143 - API请求失败: 403
2025-08-25 20:34:56.053 | INFO     | __main__:load_cookies:24 - 成功加载cookies文件: cookies/zhihu_cookies.json
2025-08-25 20:34:56.053 | INFO     | __main__:load_cookies:25 - Cookies数量: 9
2025-08-25 20:34:56.053 | INFO     | __main__:test_api_connection:50 - 测试API连接，使用问题ID: 25038841
2025-08-25 20:34:56.053 | INFO     | __main__:test_api_connection:59 - 从cookies中提取到d_c0: LhdUv57jkBqPTiH9tVCnp2xbGKAlvES8sWA=|1749179944
2025-08-25 20:34:57.308 | INFO     | __main__:test_api_connection:100 - 知乎主页访问状态: 200
2025-08-25 20:34:57.309 | INFO     | __main__:test_api_connection:107 - 请求API: https://www.zhihu.com/api/v4/questions/25038841/feeds?include=data%5B%2A%5D.is_normal%2Cadmin_closed_comment%2Creward_info%2Cis_collapsed%2Cannotation_action%2Cannotation_detail%2Ccollapse_reason%2Cis_sticky%2Ccollapsed_by%2Csuggest_edit%2Ccomment_count%2Ccan_comment%2Ccontent%2Ceditable_content%2Cattachment%2Cvoteup_count%2Creshipment_settings%2Ccomment_permission%2Ccreated_time%2Cupdated_time%2Creview_info%2Crelevant_info%2Cquestion%2Cexcerpt%2Cis_labeled%2Cpaid_info%2Cpaid_info_content%2Creaction_instruction%2Crelationship.is_authorized%2Cis_author%2Cvoting%2Cis_thanked%2Cis_nothelp%3Bdata%5B%2A%5D.author.follower_count%2Cvip_info%2Ckvip_info%2Cbadge%5B%2A%5D.topics%3Bdata%5B%2A%5D.settings.table_of_content.enabled&limit=3&offset=0&order=default&platform=desktop&ws_qiangzhisafe=0&session_id=1756125296053726
2025-08-25 20:34:57.440 | INFO     | __main__:test_api_connection:113 - API响应状态码: 403
2025-08-25 20:34:57.440 | ERROR    | __main__:test_api_connection:144 - API请求失败: 403
2025-08-25 20:35:29.789 | INFO     | __main__:load_cookies:24 - 成功加载cookies文件: cookies/zhihu_cookies.json
2025-08-25 20:35:29.790 | INFO     | __main__:load_cookies:25 - Cookies数量: 15
2025-08-25 20:35:29.790 | INFO     | __main__:test_api_connection:50 - 测试API连接，使用问题ID: 354793553
2025-08-25 20:35:29.790 | INFO     | __main__:test_api_connection:59 - 从cookies中提取到d_c0: LhdUv57jkBqPTiH9tVCnp2xbGKAlvES8sWA=|1749179944
2025-08-25 20:35:30.927 | INFO     | __main__:test_api_connection:100 - 知乎主页访问状态: 200
2025-08-25 20:35:30.928 | INFO     | __main__:test_api_connection:107 - 请求API: https://www.zhihu.com/api/v4/questions/354793553/feeds?include=data%5B%2A%5D.is_normal%2Cadmin_closed_comment%2Creward_info%2Cis_collapsed%2Cannotation_action%2Cannotation_detail%2Ccollapse_reason%2Cis_sticky%2Ccollapsed_by%2Csuggest_edit%2Ccomment_count%2Ccan_comment%2Ccontent%2Ceditable_content%2Cattachment%2Cvoteup_count%2Creshipment_settings%2Ccomment_permission%2Ccreated_time%2Cupdated_time%2Creview_info%2Crelevant_info%2Cquestion%2Cexcerpt%2Cis_labeled%2Cpaid_info%2Cpaid_info_content%2Creaction_instruction%2Crelationship.is_authorized%2Cis_author%2Cvoting%2Cis_thanked%2Cis_nothelp%3Bdata%5B%2A%5D.author.follower_count%2Cvip_info%2Ckvip_info%2Cbadge%5B%2A%5D.topics%3Bdata%5B%2A%5D.settings.table_of_content.enabled&limit=3&offset=0&order=default&platform=desktop&ws_qiangzhisafe=0&session_id=1756125329790261
2025-08-25 20:35:31.080 | INFO     | __main__:test_api_connection:113 - API响应状态码: 403
2025-08-25 20:35:31.080 | ERROR    | __main__:test_api_connection:144 - API请求失败: 403
2025-08-25 20:36:44.757 | INFO     | __main__:load_cookies:24 - 成功加载cookies文件: cookies/zhihu_cookies.json
2025-08-25 20:36:44.758 | INFO     | __main__:load_cookies:25 - Cookies数量: 15
2025-08-25 20:36:44.758 | INFO     | __main__:test_api_connection:50 - 测试API连接，使用问题ID: 354793553
2025-08-25 20:36:44.758 | INFO     | __main__:test_api_connection:59 - 从cookies中提取到d_c0: LhdUv57jkBqPTiH9tVCnp2xbGKAlvES8sWA=|1749179944
2025-08-25 20:36:45.744 | INFO     | __main__:test_api_connection:100 - 知乎主页访问状态: 200
2025-08-25 20:36:45.745 | INFO     | __main__:test_api_connection:107 - 请求API: https://www.zhihu.com/api/v4/questions/354793553/feeds?include=data%5B%2A%5D.is_normal%2Cadmin_closed_comment%2Creward_info%2Cis_collapsed%2Cannotation_action%2Cannotation_detail%2Ccollapse_reason%2Cis_sticky%2Ccollapsed_by%2Csuggest_edit%2Ccomment_count%2Ccan_comment%2Ccontent%2Ceditable_content%2Cattachment%2Cvoteup_count%2Creshipment_settings%2Ccomment_permission%2Ccreated_time%2Cupdated_time%2Creview_info%2Crelevant_info%2Cquestion%2Cexcerpt%2Cis_labeled%2Cpaid_info%2Cpaid_info_content%2Creaction_instruction%2Crelationship.is_authorized%2Cis_author%2Cvoting%2Cis_thanked%2Cis_nothelp%3Bdata%5B%2A%5D.author.follower_count%2Cvip_info%2Ckvip_info%2Cbadge%5B%2A%5D.topics%3Bdata%5B%2A%5D.settings.table_of_content.enabled&offset=&limit=3&order=default&ws_qiangzhisafe=0&platform=desktop&session_id=1756125404758742
2025-08-25 20:36:45.903 | INFO     | __main__:test_api_connection:113 - API响应状态码: 403
2025-08-25 20:36:45.904 | ERROR    | __main__:test_api_connection:144 - API请求失败: 403
2025-08-25 20:37:17.289 | INFO     | __main__:load_cookies:24 - 成功加载cookies文件: cookies/zhihu_cookies.json
2025-08-25 20:37:17.290 | INFO     | __main__:load_cookies:25 - Cookies数量: 15
2025-08-25 20:37:17.290 | INFO     | __main__:test_api_connection:50 - 测试API连接，使用问题ID: 354793553
2025-08-25 20:37:17.290 | INFO     | __main__:test_api_connection:54 - 使用d_c0: LhdUv57jkBqPTiH9tVCnp2xbGKAlvES8sWA=|1749179944
2025-08-25 20:37:18.356 | INFO     | __main__:test_api_connection:95 - 知乎主页访问状态: 200
2025-08-25 20:37:18.357 | INFO     | __main__:test_api_connection:102 - 请求API: https://www.zhihu.com/api/v4/questions/354793553/feeds?include=data%5B%2A%5D.is_normal%2Cadmin_closed_comment%2Creward_info%2Cis_collapsed%2Cannotation_action%2Cannotation_detail%2Ccollapse_reason%2Cis_sticky%2Ccollapsed_by%2Csuggest_edit%2Ccomment_count%2Ccan_comment%2Ccontent%2Ceditable_content%2Cattachment%2Cvoteup_count%2Creshipment_settings%2Ccomment_permission%2Ccreated_time%2Cupdated_time%2Creview_info%2Crelevant_info%2Cquestion%2Cexcerpt%2Cis_labeled%2Cpaid_info%2Cpaid_info_content%2Creaction_instruction%2Crelationship.is_authorized%2Cis_author%2Cvoting%2Cis_thanked%2Cis_nothelp%3Bdata%5B%2A%5D.author.follower_count%2Cvip_info%2Ckvip_info%2Cbadge%5B%2A%5D.topics%3Bdata%5B%2A%5D.settings.table_of_content.enabled&offset=&limit=3&order=default&ws_qiangzhisafe=0&platform=desktop&session_id=1756125437290453
2025-08-25 20:37:18.497 | INFO     | __main__:test_api_connection:108 - API响应状态码: 403
2025-08-25 20:37:18.497 | ERROR    | __main__:test_api_connection:139 - API请求失败: 403
2025-08-25 20:39:26.117 | INFO     | __main__:load_cookies:24 - 成功加载cookies文件: cookies/zhihu_cookies.json
2025-08-25 20:39:26.118 | INFO     | __main__:load_cookies:25 - Cookies数量: 15
2025-08-25 20:39:26.118 | INFO     | __main__:test_api_connection:50 - 测试API连接，使用问题ID: 354793553
2025-08-25 20:39:26.118 | INFO     | __main__:test_api_connection:54 - 使用d_c0: LhdUv57jkBqPTiH9tVCnp2xbGKAlvES8sWA=|1749179944
2025-08-25 20:39:27.445 | INFO     | __main__:test_api_connection:100 - 知乎主页访问状态: 200
2025-08-25 20:39:27.446 | INFO     | __main__:test_api_connection:107 - 请求API: https://www.zhihu.com/api/v4/questions/354793553/feeds?include=data%5B%2A%5D.is_normal%2Cadmin_closed_comment%2Creward_info%2Cis_collapsed%2Cannotation_action%2Cannotation_detail%2Ccollapse_reason%2Cis_sticky%2Ccollapsed_by%2Csuggest_edit%2Ccomment_count%2Ccan_comment%2Ccontent%2Ceditable_content%2Cattachment%2Cvoteup_count%2Creshipment_settings%2Ccomment_permission%2Ccreated_time%2Cupdated_time%2Creview_info%2Crelevant_info%2Cquestion%2Cexcerpt%2Cis_labeled%2Cpaid_info%2Cpaid_info_content%2Creaction_instruction%2Crelationship.is_authorized%2Cis_author%2Cvoting%2Cis_thanked%2Cis_nothelp%3Bdata%5B%2A%5D.author.follower_count%2Cvip_info%2Ckvip_info%2Cbadge%5B%2A%5D.topics%3Bdata%5B%2A%5D.settings.table_of_content.enabled&offset=&limit=3&order=default&ws_qiangzhisafe=0&platform=desktop&session_id=1756125566118409
2025-08-25 20:39:27.641 | INFO     | __main__:test_api_connection:113 - API响应状态码: 200
2025-08-25 20:39:27.642 | INFO     | __main__:test_api_connection:118 - API请求成功
2025-08-25 20:39:27.642 | INFO     | __main__:test_api_connection:123 - 获取到 0 个答案
2025-08-25 20:39:27.643 | INFO     | __main__:test_api_connection:129 - 响应数据已保存到 api_response_sample.json
2025-08-25 20:39:43.359 | INFO     | __main__:load_cookies:24 - 成功加载cookies文件: cookies/zhihu_cookies.json
2025-08-25 20:39:43.359 | INFO     | __main__:load_cookies:25 - Cookies数量: 15
2025-08-25 20:39:43.359 | INFO     | __main__:test_api_connection:50 - 测试API连接，使用问题ID: 25038841
2025-08-25 20:39:43.359 | INFO     | __main__:test_api_connection:54 - 使用d_c0: LhdUv57jkBqPTiH9tVCnp2xbGKAlvES8sWA=|1749179944
2025-08-25 20:39:44.662 | INFO     | __main__:test_api_connection:100 - 知乎主页访问状态: 200
2025-08-25 20:39:44.669 | INFO     | __main__:test_api_connection:107 - 请求API: https://www.zhihu.com/api/v4/questions/25038841/feeds?include=data%5B%2A%5D.is_normal%2Cadmin_closed_comment%2Creward_info%2Cis_collapsed%2Cannotation_action%2Cannotation_detail%2Ccollapse_reason%2Cis_sticky%2Ccollapsed_by%2Csuggest_edit%2Ccomment_count%2Ccan_comment%2Ccontent%2Ceditable_content%2Cattachment%2Cvoteup_count%2Creshipment_settings%2Ccomment_permission%2Ccreated_time%2Cupdated_time%2Creview_info%2Crelevant_info%2Cquestion%2Cexcerpt%2Cis_labeled%2Cpaid_info%2Cpaid_info_content%2Creaction_instruction%2Crelationship.is_authorized%2Cis_author%2Cvoting%2Cis_thanked%2Cis_nothelp%3Bdata%5B%2A%5D.author.follower_count%2Cvip_info%2Ckvip_info%2Cbadge%5B%2A%5D.topics%3Bdata%5B%2A%5D.settings.table_of_content.enabled&offset=&limit=3&order=default&ws_qiangzhisafe=0&platform=desktop&session_id=1756125583359895
2025-08-25 20:39:44.873 | INFO     | __main__:test_api_connection:113 - API响应状态码: 200
2025-08-25 20:39:44.874 | INFO     | __main__:test_api_connection:118 - API请求成功
2025-08-25 20:39:44.874 | INFO     | __main__:test_api_connection:123 - 获取到 0 个答案
2025-08-25 20:39:44.875 | INFO     | __main__:test_api_connection:129 - 响应数据已保存到 api_response_sample.json
2025-08-25 20:46:18.838 | INFO     | __main__:load_cookies:24 - 成功加载cookies文件: cookies/zhihu_cookies.json
2025-08-25 20:46:18.839 | INFO     | __main__:load_cookies:25 - Cookies数量: 15
2025-08-25 20:46:18.839 | INFO     | __main__:test_api_connection:50 - 测试API连接，使用问题ID: 25038841
2025-08-25 20:46:18.840 | INFO     | __main__:test_api_connection:54 - 使用d_c0: LhdUv57jkBqPTiH9tVCnp2xbGKAlvES8sWA=|1749179944
2025-08-25 20:46:20.493 | INFO     | __main__:test_api_connection:100 - 知乎主页访问状态: 200
2025-08-25 20:46:20.495 | INFO     | __main__:test_api_connection:107 - 请求API: https://www.zhihu.com/api/v4/questions/25038841/feeds?include=data%5B%2A%5D.is_normal%2Cadmin_closed_comment%2Creward_info%2Cis_collapsed%2Cannotation_action%2Cannotation_detail%2Ccollapse_reason%2Cis_sticky%2Ccollapsed_by%2Csuggest_edit%2Ccomment_count%2Ccan_comment%2Ccontent%2Ceditable_content%2Cattachment%2Cvoteup_count%2Creshipment_settings%2Ccomment_permission%2Ccreated_time%2Cupdated_time%2Creview_info%2Crelevant_info%2Cquestion%2Cexcerpt%2Cis_labeled%2Cpaid_info%2Cpaid_info_content%2Creaction_instruction%2Crelationship.is_authorized%2Cis_author%2Cvoting%2Cis_thanked%2Cis_nothelp%3Bdata%5B%2A%5D.author.follower_count%2Cvip_info%2Ckvip_info%2Cbadge%5B%2A%5D.topics%3Bdata%5B%2A%5D.settings.table_of_content.enabled&offset=&limit=3&order=default&ws_qiangzhisafe=0&platform=desktop&session_id=1756125978840091
2025-08-25 20:46:20.702 | INFO     | __main__:test_api_connection:113 - API响应状态码: 200
2025-08-25 20:46:20.703 | INFO     | __main__:test_api_connection:118 - API请求成功
2025-08-25 20:46:20.703 | INFO     | __main__:test_api_connection:123 - 获取到 0 个答案
2025-08-25 20:46:20.704 | INFO     | __main__:test_api_connection:129 - 响应数据已保存到 api_response_sample.json
