2025-08-20 12:51:51,033 - INFO - PostgreSQL数据库表初始化完成
2025-08-20 12:51:52,870 - INFO - Chrome浏览器启动成功
2025-08-20 12:51:55,666 - INFO - Cookies加载完成
2025-08-20 12:59:15,922 - INFO - 开始测试问题页面滚动: python3 postgres_main.py bathttps://www.zhihu.com/question/263928975/answer/1911325391169230134
2025-08-20 12:59:15,937 - ERROR - 测试问题页面滚动失败: Message: invalid argument
  (Session info: chrome=139.0.7258.128)
Stacktrace:
0   chromedriver                        0x0000000100ca326c cxxbridge1$str$ptr + 2741972
1   chromedriver                        0x0000000100c9b1dc cxxbridge1$str$ptr + 2709060
2   chromedriver                        0x00000001007e5370 cxxbridge1$string$len + 90124
3   chromedriver                        0x00000001007cfb88 cxxbridge1$string$len + 2084
4   chromedriver                        0x00000001007cde98 chromedriver + 204440
5   chromedriver                        0x00000001007ce91c chromedriver + 207132
6   chromedriver                        0x00000001007e8560 cxxbridge1$string$len + 102908
7   chromedriver                        0x000000010086e84c cxxbridge1$string$len + 652520
8   chromedriver                        0x000000010086ddb8 cxxbridge1$string$len + 649812
9   chromedriver                        0x0000000100820d30 cxxbridge1$string$len + 334284
10  chromedriver                        0x0000000100c6666c cxxbridge1$str$ptr + 2493140
11  chromedriver                        0x0000000100c698a0 cxxbridge1$str$ptr + 2505992
12  chromedriver                        0x0000000100c474a4 cxxbridge1$str$ptr + 2365708
13  chromedriver                        0x0000000100c6a15c cxxbridge1$str$ptr + 2508228
14  chromedriver                        0x0000000100c3859c cxxbridge1$str$ptr + 2304516
15  chromedriver                        0x0000000100c89c78 cxxbridge1$str$ptr + 2638048
16  chromedriver                        0x0000000100c89e04 cxxbridge1$str$ptr + 2638444
17  chromedriver                        0x0000000100c9ae28 cxxbridge1$str$ptr + 2708112
18  libsystem_pthread.dylib             0x0000000197353c0c _pthread_start + 136
19  libsystem_pthread.dylib             0x000000019734eb80 thread_start + 8

2025-08-20 12:59:16,052 - INFO - 浏览器已关闭
2025-08-20 12:59:52,826 - INFO - PostgreSQL数据库表初始化完成
2025-08-20 12:59:54,157 - INFO - Chrome浏览器启动成功
2025-08-20 12:59:57,099 - INFO - Cookies加载完成
2025-08-20 13:00:30,775 - INFO - PostgreSQL数据库表初始化完成
2025-08-20 13:00:32,526 - INFO - Chrome浏览器启动成功
2025-08-20 13:00:35,927 - INFO - Cookies加载完成
2025-08-20 13:00:40,172 - INFO - 使用测试URL: https://www.zhihu.com/question/19550225
2025-08-20 13:00:40,174 - INFO - 开始测试问题页面滚动: https://www.zhihu.com/question/19550225
2025-08-20 13:00:44,328 - INFO - 问题页面加载成功
2025-08-20 13:00:44,331 - INFO - 初始页面高度: 4762
2025-08-20 13:00:44,336 - INFO - 初始答案数量: 4
2025-08-20 13:00:44,336 - INFO - 开始手动滚动测试...
2025-08-20 13:00:44,341 - INFO - 
=== 第1次滚动 ===
2025-08-20 13:00:44,341 - INFO - 滚动前 - 页面高度: 4762, 答案数量: 4
2025-08-20 13:00:44,351 - INFO - 执行滚动到底部
2025-08-20 13:00:47,374 - INFO - 滚动后 - 页面高度: 4762, 答案数量: 4
2025-08-20 13:00:47,374 - INFO - 变化情况 - 高度变化: False, 答案数量变化: False
2025-08-20 13:00:47,656 - INFO - 找到 2 个可能的加载更多按钮:
2025-08-20 13:00:47,656 - INFO -   按钮1: '更多'
2025-08-20 13:00:47,656 - INFO -   按钮2: '更多'
2025-08-20 13:00:47,664 - INFO - 未找到'没有更多'指示器
2025-08-20 13:00:47,665 - WARNING - 页面高度和答案数量都没有变化
2025-08-20 13:00:47,683 - INFO - JavaScript点击结果: 找到并点击了按钮: 更多
2025-08-20 13:00:47,683 - INFO - 尝试点击加载更多按钮
2025-08-20 13:00:50,701 - INFO - 点击后 - 页面高度: 4762, 答案数量: 4
2025-08-20 13:02:19,536 - INFO - 
=== 第2次滚动 ===
2025-08-20 13:02:19,537 - INFO - 滚动前 - 页面高度: 4762, 答案数量: 4
2025-08-20 13:02:19,540 - INFO - 执行滚动到底部
2025-08-20 13:02:22,555 - INFO - 滚动后 - 页面高度: 4762, 答案数量: 4
2025-08-20 13:02:22,555 - INFO - 变化情况 - 高度变化: False, 答案数量变化: False
2025-08-20 13:02:22,929 - INFO - 找到 2 个可能的加载更多按钮:
2025-08-20 13:02:22,929 - INFO -   按钮1: '更多'
2025-08-20 13:02:22,930 - INFO -   按钮2: '更多'
2025-08-20 13:02:22,937 - INFO - 未找到'没有更多'指示器
2025-08-20 13:02:22,937 - WARNING - 页面高度和答案数量都没有变化
2025-08-20 13:02:22,940 - INFO - JavaScript点击结果: 找到并点击了按钮: 更多
2025-08-20 13:02:22,941 - INFO - 尝试点击加载更多按钮
2025-08-20 13:02:25,960 - INFO - 点击后 - 页面高度: 4762, 答案数量: 4
2025-08-20 13:02:38,092 - INFO - 
=== 第3次滚动 ===
2025-08-20 13:02:38,093 - INFO - 滚动前 - 页面高度: 2497, 答案数量: 12
2025-08-20 13:02:38,096 - INFO - 执行滚动到底部
2025-08-20 13:02:41,104 - ERROR - 测试问题页面滚动失败: Message: no such window: target window already closed
from unknown error: web view not found
  (Session info: chrome=139.0.7258.128)
Stacktrace:
0   chromedriver                        0x00000001009a726c cxxbridge1$str$ptr + 2741972
1   chromedriver                        0x000000010099f1dc cxxbridge1$str$ptr + 2709060
2   chromedriver                        0x00000001004e94fc cxxbridge1$string$len + 90520
3   chromedriver                        0x00000001004c32e0 chromedriver + 144096
4   chromedriver                        0x0000000100558af0 cxxbridge1$string$len + 546700
5   chromedriver                        0x00000001005718f8 cxxbridge1$string$len + 648596
6   chromedriver                        0x0000000100524d30 cxxbridge1$string$len + 334284
7   chromedriver                        0x000000010096a66c cxxbridge1$str$ptr + 2493140
8   chromedriver                        0x000000010096d8a0 cxxbridge1$str$ptr + 2505992
9   chromedriver                        0x000000010094b4a4 cxxbridge1$str$ptr + 2365708
10  chromedriver                        0x000000010096e15c cxxbridge1$str$ptr + 2508228
11  chromedriver                        0x000000010093c59c cxxbridge1$str$ptr + 2304516
12  chromedriver                        0x000000010098dc78 cxxbridge1$str$ptr + 2638048
13  chromedriver                        0x000000010098de04 cxxbridge1$str$ptr + 2638444
14  chromedriver                        0x000000010099ee28 cxxbridge1$str$ptr + 2708112
15  libsystem_pthread.dylib             0x0000000197353c0c _pthread_start + 136
16  libsystem_pthread.dylib             0x000000019734eb80 thread_start + 8

2025-08-20 13:02:41,241 - INFO - 浏览器已关闭
2025-08-20 13:07:23,734 - INFO - PostgreSQL数据库表初始化完成
2025-08-20 13:07:25,047 - INFO - Chrome浏览器启动成功
2025-08-20 13:07:27,942 - INFO - Cookies加载完成
2025-08-20 13:07:33,852 - INFO - 使用测试URL: https://www.zhihu.com/question/19550225
2025-08-20 13:07:33,853 - INFO - 开始测试问题页面滚动: https://www.zhihu.com/question/19550225
2025-08-20 13:07:37,687 - INFO - 问题页面加载成功
2025-08-20 13:07:37,692 - INFO - 初始页面高度: 4762
2025-08-20 13:07:37,703 - INFO - 初始答案数量: 4
2025-08-20 13:07:37,703 - INFO - 开始手动滚动测试...
2025-08-20 13:07:37,718 - INFO - 
=== 第1次滚动 ===
2025-08-20 13:07:37,718 - INFO - 滚动前 - 页面高度: 4762, 答案数量: 4
2025-08-20 13:07:37,747 - INFO - 执行滚动到底部
2025-08-20 13:07:40,770 - INFO - 滚动后 - 页面高度: 4762, 答案数量: 4
2025-08-20 13:07:40,771 - INFO - 变化情况 - 高度变化: False, 答案数量变化: False
2025-08-20 13:07:41,034 - INFO - 找到 2 个可能的加载更多按钮:
2025-08-20 13:07:41,034 - INFO -   按钮1: '更多'
2025-08-20 13:07:41,034 - INFO -   按钮2: '更多'
2025-08-20 13:07:41,041 - INFO - 未找到'没有更多'指示器
2025-08-20 13:07:41,041 - WARNING - 页面高度和答案数量都没有变化
2025-08-20 13:07:41,067 - INFO - JavaScript点击结果: 找到并点击了按钮: 更多
2025-08-20 13:07:41,067 - INFO - 尝试点击加载更多按钮
2025-08-20 13:07:44,078 - INFO - 点击后 - 页面高度: 4762, 答案数量: 4
2025-08-20 13:09:40,586 - INFO - 用户中断测试
2025-08-20 13:09:40,595 - WARNING - Retrying (Retry(total=2, connect=None, read=None, redirect=None, status=None)) after connection broken by 'NewConnectionError('<urllib3.connection.HTTPConnection object at 0x103bde280>: Failed to establish a new connection: [Errno 61] Connection refused')': /session/662ca666e6b784e0f9cd19a1d11d4294
2025-08-20 13:09:40,603 - WARNING - Retrying (Retry(total=1, connect=None, read=None, redirect=None, status=None)) after connection broken by 'NewConnectionError('<urllib3.connection.HTTPConnection object at 0x103bddb50>: Failed to establish a new connection: [Errno 61] Connection refused')': /session/662ca666e6b784e0f9cd19a1d11d4294
2025-08-20 13:09:40,609 - WARNING - Retrying (Retry(total=0, connect=None, read=None, redirect=None, status=None)) after connection broken by 'NewConnectionError('<urllib3.connection.HTTPConnection object at 0x103bdd760>: Failed to establish a new connection: [Errno 61] Connection refused')': /session/662ca666e6b784e0f9cd19a1d11d4294
2025-08-20 13:09:40,618 - INFO - 浏览器已关闭
2025-08-20 13:09:42,037 - INFO - PostgreSQL数据库表初始化完成
2025-08-20 13:09:43,224 - INFO - Chrome浏览器启动成功
2025-08-20 13:09:45,621 - INFO - Cookies加载完成
2025-08-20 13:09:50,101 - INFO - 使用测试URL: https://www.zhihu.com/question/19550225
2025-08-20 13:09:50,102 - INFO - 开始测试问题页面滚动: https://www.zhihu.com/question/19550225
2025-08-20 13:09:54,262 - INFO - 问题页面加载成功
2025-08-20 13:09:54,265 - INFO - 初始页面高度: 4762
2025-08-20 13:09:54,272 - INFO - 初始答案数量: 4
2025-08-20 13:09:54,272 - INFO - 开始自动滚动测试...
2025-08-20 13:09:54,277 - INFO - 
=== 第1次滚动 ===
2025-08-20 13:09:54,277 - INFO - 滚动前 - 页面高度: 4762, 答案数量: 4
2025-08-20 13:09:54,287 - INFO - 执行滚动到底部
2025-08-20 13:09:57,300 - INFO - 滚动后 - 页面高度: 4762, 答案数量: 4
2025-08-20 13:09:57,301 - INFO - 变化情况 - 高度变化: False, 答案数量变化: False
2025-08-20 13:09:57,622 - INFO - 找到 2 个可能的加载更多按钮:
2025-08-20 13:09:57,623 - INFO -   按钮1: '更多'
2025-08-20 13:09:57,623 - INFO -   按钮2: '更多'
2025-08-20 13:09:57,629 - INFO - 未找到'没有更多'指示器
2025-08-20 13:09:57,629 - WARNING - 页面高度和答案数量都没有变化
2025-08-20 13:09:57,650 - INFO - JavaScript点击结果: 找到并点击了按钮: 更多
2025-08-20 13:09:57,650 - INFO - 尝试点击加载更多按钮
2025-08-20 13:10:00,670 - INFO - 点击后 - 页面高度: 4762, 答案数量: 4
2025-08-20 13:10:02,688 - INFO - 
=== 第2次滚动 ===
2025-08-20 13:10:02,688 - INFO - 滚动前 - 页面高度: 4762, 答案数量: 4
2025-08-20 13:10:02,692 - INFO - 执行滚动到底部
2025-08-20 13:10:05,704 - INFO - 滚动后 - 页面高度: 4762, 答案数量: 4
2025-08-20 13:10:05,705 - INFO - 变化情况 - 高度变化: False, 答案数量变化: False
2025-08-20 13:10:06,069 - INFO - 找到 2 个可能的加载更多按钮:
2025-08-20 13:10:06,069 - INFO -   按钮1: '更多'
2025-08-20 13:10:06,070 - INFO -   按钮2: '更多'
2025-08-20 13:10:06,078 - INFO - 未找到'没有更多'指示器
2025-08-20 13:10:06,078 - WARNING - 页面高度和答案数量都没有变化
2025-08-20 13:10:06,080 - INFO - JavaScript点击结果: 找到并点击了按钮: 更多
2025-08-20 13:10:06,080 - INFO - 尝试点击加载更多按钮
2025-08-20 13:10:09,102 - INFO - 点击后 - 页面高度: 4762, 答案数量: 4
2025-08-20 13:10:11,155 - INFO - 
=== 第3次滚动 ===
2025-08-20 13:10:11,155 - INFO - 滚动前 - 页面高度: 4762, 答案数量: 4
2025-08-20 13:10:11,157 - INFO - 执行滚动到底部
2025-08-20 13:10:14,167 - INFO - 滚动后 - 页面高度: 4762, 答案数量: 4
2025-08-20 13:10:14,167 - INFO - 变化情况 - 高度变化: False, 答案数量变化: False
2025-08-20 13:10:14,385 - INFO - 找到 2 个可能的加载更多按钮:
2025-08-20 13:10:14,385 - INFO -   按钮1: '更多'
2025-08-20 13:10:14,385 - INFO -   按钮2: '更多'
2025-08-20 13:10:14,392 - INFO - 未找到'没有更多'指示器
2025-08-20 13:10:14,392 - WARNING - 页面高度和答案数量都没有变化
2025-08-20 13:10:14,394 - INFO - JavaScript点击结果: 找到并点击了按钮: 更多
2025-08-20 13:10:14,394 - INFO - 尝试点击加载更多按钮
2025-08-20 13:10:17,413 - INFO - 点击后 - 页面高度: 4762, 答案数量: 4
2025-08-20 13:10:17,413 - INFO - 连续3次没有变化，可能已经加载完所有内容
2025-08-20 13:10:17,585 - INFO - 浏览器已关闭
2025-08-20 13:12:02,133 - INFO - PostgreSQL数据库表初始化完成
2025-08-20 13:12:03,480 - INFO - Chrome浏览器启动成功
2025-08-20 13:12:06,553 - INFO - Cookies加载完成
2025-08-20 13:12:10,836 - INFO - 使用测试URL: https://www.zhihu.com/question/19550225
2025-08-20 13:12:10,837 - INFO - 开始测试问题页面滚动: https://www.zhihu.com/question/19550225
2025-08-20 13:12:14,704 - INFO - 问题页面加载成功
2025-08-20 13:12:14,709 - INFO - 初始页面高度: 4762
2025-08-20 13:12:14,769 - INFO - 初始答案数量: 4
2025-08-20 13:12:14,770 - INFO - 开始自动滚动测试...
2025-08-20 13:12:14,784 - INFO - 
=== 第1次滚动 ===
2025-08-20 13:12:14,784 - INFO - 滚动前 - 页面高度: 4762, 答案数量: 4
2025-08-20 13:12:14,789 - INFO - 执行滚动到底部
2025-08-20 13:12:17,810 - INFO - 滚动后 - 页面高度: 4762, 答案数量: 4
2025-08-20 13:12:17,811 - INFO - 变化情况 - 高度变化: False, 答案数量变化: False
2025-08-20 13:12:18,066 - INFO - 找到 2 个可能的加载更多按钮:
2025-08-20 13:12:18,066 - INFO -   按钮1: '更多'
2025-08-20 13:12:18,066 - INFO -   按钮2: '更多'
2025-08-20 13:12:18,073 - INFO - 未找到'没有更多'指示器
2025-08-20 13:12:18,073 - WARNING - 页面高度和答案数量都没有变化
2025-08-20 13:12:18,106 - INFO - JavaScript点击结果: 找到并点击了按钮: 更多
2025-08-20 13:12:18,106 - INFO - 尝试点击加载更多按钮
2025-08-20 13:12:21,129 - INFO - 点击后 - 页面高度: 4762, 答案数量: 4
2025-08-20 13:12:23,141 - INFO - 
=== 第2次滚动 ===
2025-08-20 13:12:23,142 - INFO - 滚动前 - 页面高度: 4762, 答案数量: 4
2025-08-20 13:12:23,143 - INFO - 执行滚动到底部
2025-08-20 13:12:26,156 - INFO - 滚动后 - 页面高度: 4762, 答案数量: 4
2025-08-20 13:12:26,158 - INFO - 变化情况 - 高度变化: False, 答案数量变化: False
2025-08-20 13:12:26,514 - INFO - 找到 2 个可能的加载更多按钮:
2025-08-20 13:12:26,514 - INFO -   按钮1: '更多'
2025-08-20 13:12:26,514 - INFO -   按钮2: '更多'
2025-08-20 13:12:26,521 - INFO - 未找到'没有更多'指示器
2025-08-20 13:12:26,521 - WARNING - 页面高度和答案数量都没有变化
2025-08-20 13:12:26,524 - INFO - JavaScript点击结果: 找到并点击了按钮: 更多
2025-08-20 13:12:26,524 - INFO - 尝试点击加载更多按钮
2025-08-20 13:12:29,535 - INFO - 点击后 - 页面高度: 4762, 答案数量: 4
2025-08-20 13:12:31,558 - INFO - 
=== 第3次滚动 ===
2025-08-20 13:12:31,558 - INFO - 滚动前 - 页面高度: 4762, 答案数量: 4
2025-08-20 13:12:31,562 - INFO - 执行滚动到底部
2025-08-20 13:12:34,591 - INFO - 滚动后 - 页面高度: 4762, 答案数量: 4
2025-08-20 13:12:34,592 - INFO - 变化情况 - 高度变化: False, 答案数量变化: False
2025-08-20 13:12:34,592 - INFO - 尝试特殊滑动策略：向上滑动至页面1/3处，然后再次下滑
2025-08-20 13:12:39,641 - INFO - 特殊滑动后 - 页面高度: 4762, 答案数量: 4
2025-08-20 13:12:40,103 - INFO - 找到 2 个可能的加载更多按钮:
2025-08-20 13:12:40,103 - INFO -   按钮1: '更多'
2025-08-20 13:12:40,103 - INFO -   按钮2: '更多'
2025-08-20 13:12:40,110 - INFO - 未找到'没有更多'指示器
2025-08-20 13:12:40,111 - WARNING - 页面高度和答案数量都没有变化
2025-08-20 13:12:40,142 - INFO - JavaScript点击结果: 找到并点击了按钮: 更多
2025-08-20 13:12:40,142 - INFO - 尝试点击加载更多按钮
2025-08-20 13:12:43,152 - INFO - 点击后 - 页面高度: 4762, 答案数量: 4
2025-08-20 13:12:43,152 - INFO - 连续3次没有变化，可能已经加载完所有内容
2025-08-20 13:12:43,434 - INFO - 浏览器已关闭
2025-08-20 13:13:59,882 - INFO - PostgreSQL数据库表初始化完成
2025-08-20 13:14:01,273 - INFO - Chrome浏览器启动成功
2025-08-20 13:14:04,388 - INFO - Cookies加载完成
2025-08-20 13:14:08,601 - INFO - 使用测试URL: https://www.zhihu.com/question/1925597794426684902
2025-08-20 13:14:08,601 - INFO - 开始测试问题页面滚动: https://www.zhihu.com/question/1925597794426684902
2025-08-20 13:14:12,699 - INFO - 问题页面加载成功
2025-08-20 13:14:12,706 - INFO - 初始页面高度: 5524
2025-08-20 13:14:12,713 - INFO - 初始答案数量: 10
2025-08-20 13:14:12,713 - INFO - 开始自动滚动测试...
2025-08-20 13:14:12,724 - INFO - 
=== 第1次滚动 ===
2025-08-20 13:14:12,724 - INFO - 滚动前 - 页面高度: 5524, 答案数量: 10
2025-08-20 13:14:12,728 - INFO - 执行滚动到底部
2025-08-20 13:14:15,741 - INFO - 滚动后 - 页面高度: 8663, 答案数量: 20
2025-08-20 13:14:15,742 - INFO - 变化情况 - 高度变化: True, 答案数量变化: True
2025-08-20 13:14:16,448 - INFO - 找到 2 个可能的加载更多按钮:
2025-08-20 13:14:16,448 - INFO -   按钮1: '更多'
2025-08-20 13:14:16,448 - INFO -   按钮2: '更多'
2025-08-20 13:14:16,460 - INFO - 未找到'没有更多'指示器
2025-08-20 13:14:16,460 - INFO - 检测到页面变化，重置计数器
2025-08-20 13:14:18,482 - INFO - 
=== 第2次滚动 ===
2025-08-20 13:14:18,482 - INFO - 滚动前 - 页面高度: 8663, 答案数量: 20
2025-08-20 13:14:18,484 - INFO - 执行滚动到底部
2025-08-20 13:14:21,509 - INFO - 滚动后 - 页面高度: 17238, 答案数量: 30
2025-08-20 13:14:21,510 - INFO - 变化情况 - 高度变化: True, 答案数量变化: True
2025-08-20 13:14:22,916 - INFO - 找到 2 个可能的加载更多按钮:
2025-08-20 13:14:22,916 - INFO -   按钮1: '更多'
2025-08-20 13:14:22,916 - INFO -   按钮2: '更多'
2025-08-20 13:14:22,929 - INFO - 未找到'没有更多'指示器
2025-08-20 13:14:22,929 - INFO - 检测到页面变化，重置计数器
2025-08-20 13:14:24,942 - INFO - 
=== 第3次滚动 ===
2025-08-20 13:14:24,942 - INFO - 滚动前 - 页面高度: 17238, 答案数量: 30
2025-08-20 13:14:24,944 - INFO - 执行滚动到底部
2025-08-20 13:14:27,962 - INFO - 滚动后 - 页面高度: 18749, 答案数量: 40
2025-08-20 13:14:27,962 - INFO - 变化情况 - 高度变化: True, 答案数量变化: True
2025-08-20 13:14:29,170 - INFO - 找到 2 个可能的加载更多按钮:
2025-08-20 13:14:29,170 - INFO -   按钮1: '更多'
2025-08-20 13:14:29,170 - INFO -   按钮2: '更多'
2025-08-20 13:14:29,187 - INFO - 未找到'没有更多'指示器
2025-08-20 13:14:29,187 - INFO - 检测到页面变化，重置计数器
2025-08-20 13:14:31,216 - INFO - 
=== 第4次滚动 ===
2025-08-20 13:14:31,217 - INFO - 滚动前 - 页面高度: 18749, 答案数量: 40
2025-08-20 13:14:31,221 - INFO - 执行滚动到底部
2025-08-20 13:14:34,246 - INFO - 滚动后 - 页面高度: 20310, 答案数量: 50
2025-08-20 13:14:34,247 - INFO - 变化情况 - 高度变化: True, 答案数量变化: True
2025-08-20 13:14:36,310 - INFO - 找到 2 个可能的加载更多按钮:
2025-08-20 13:14:36,310 - INFO -   按钮1: '更多'
2025-08-20 13:14:36,310 - INFO -   按钮2: '更多'
2025-08-20 13:14:36,327 - INFO - 未找到'没有更多'指示器
2025-08-20 13:14:36,327 - INFO - 检测到页面变化，重置计数器
2025-08-20 13:14:38,345 - INFO - 
=== 第5次滚动 ===
2025-08-20 13:14:38,345 - INFO - 滚动前 - 页面高度: 20310, 答案数量: 50
2025-08-20 13:14:38,347 - INFO - 执行滚动到底部
2025-08-20 13:14:41,360 - INFO - 滚动后 - 页面高度: 22335, 答案数量: 60
2025-08-20 13:14:41,361 - INFO - 变化情况 - 高度变化: True, 答案数量变化: True
2025-08-20 13:14:44,107 - INFO - 找到 2 个可能的加载更多按钮:
2025-08-20 13:14:44,107 - INFO -   按钮1: '更多'
2025-08-20 13:14:44,107 - INFO -   按钮2: '更多'
2025-08-20 13:14:44,126 - INFO - 未找到'没有更多'指示器
2025-08-20 13:14:44,126 - INFO - 检测到页面变化，重置计数器
2025-08-20 13:14:46,170 - INFO - 
=== 第6次滚动 ===
2025-08-20 13:14:46,170 - INFO - 滚动前 - 页面高度: 22335, 答案数量: 60
2025-08-20 13:14:46,173 - INFO - 执行滚动到底部
2025-08-20 13:14:49,206 - INFO - 滚动后 - 页面高度: 23923, 答案数量: 70
2025-08-20 13:14:49,207 - INFO - 变化情况 - 高度变化: True, 答案数量变化: True
2025-08-20 13:14:51,230 - INFO - 找到 2 个可能的加载更多按钮:
2025-08-20 13:14:51,230 - INFO -   按钮1: '更多'
2025-08-20 13:14:51,230 - INFO -   按钮2: '更多'
2025-08-20 13:14:51,251 - INFO - 未找到'没有更多'指示器
2025-08-20 13:14:51,251 - INFO - 检测到页面变化，重置计数器
2025-08-20 13:14:53,275 - INFO - 
=== 第7次滚动 ===
2025-08-20 13:14:53,276 - INFO - 滚动前 - 页面高度: 23923, 答案数量: 70
2025-08-20 13:14:53,279 - INFO - 执行滚动到底部
2025-08-20 13:14:56,311 - INFO - 滚动后 - 页面高度: 27350, 答案数量: 80
2025-08-20 13:14:56,312 - INFO - 变化情况 - 高度变化: True, 答案数量变化: True
2025-08-20 13:14:58,931 - INFO - 找到 2 个可能的加载更多按钮:
2025-08-20 13:14:58,932 - INFO -   按钮1: '更多'
2025-08-20 13:14:58,932 - INFO -   按钮2: '更多'
2025-08-20 13:14:58,952 - INFO - 未找到'没有更多'指示器
2025-08-20 13:14:58,952 - INFO - 检测到页面变化，重置计数器
2025-08-20 13:15:00,964 - INFO - 
=== 第8次滚动 ===
2025-08-20 13:15:00,964 - INFO - 滚动前 - 页面高度: 27350, 答案数量: 80
2025-08-20 13:15:00,966 - INFO - 执行滚动到底部
2025-08-20 13:15:04,643 - INFO - 滚动后 - 页面高度: 28692, 答案数量: 90
2025-08-20 13:15:04,644 - INFO - 变化情况 - 高度变化: True, 答案数量变化: True
2025-08-20 13:15:07,627 - INFO - 找到 2 个可能的加载更多按钮:
2025-08-20 13:15:07,627 - INFO -   按钮1: '更多'
2025-08-20 13:15:07,627 - INFO -   按钮2: '更多'
2025-08-20 13:15:07,649 - INFO - 未找到'没有更多'指示器
2025-08-20 13:15:07,649 - INFO - 检测到页面变化，重置计数器
2025-08-20 13:15:09,667 - INFO - 
=== 第9次滚动 ===
2025-08-20 13:15:09,667 - INFO - 滚动前 - 页面高度: 28692, 答案数量: 90
2025-08-20 13:15:09,669 - INFO - 执行滚动到底部
2025-08-20 13:15:12,697 - INFO - 滚动后 - 页面高度: 29897, 答案数量: 100
2025-08-20 13:15:12,698 - INFO - 变化情况 - 高度变化: True, 答案数量变化: True
2025-08-20 13:15:15,640 - INFO - 找到 2 个可能的加载更多按钮:
2025-08-20 13:15:15,640 - INFO -   按钮1: '更多'
2025-08-20 13:15:15,640 - INFO -   按钮2: '更多'
2025-08-20 13:15:15,663 - INFO - 未找到'没有更多'指示器
2025-08-20 13:15:15,663 - INFO - 检测到页面变化，重置计数器
2025-08-20 13:15:17,695 - INFO - 
=== 第10次滚动 ===
2025-08-20 13:15:17,695 - INFO - 滚动前 - 页面高度: 29897, 答案数量: 100
2025-08-20 13:15:17,698 - INFO - 执行滚动到底部
2025-08-20 13:15:20,980 - INFO - 滚动后 - 页面高度: 31278, 答案数量: 110
2025-08-20 13:15:20,980 - INFO - 变化情况 - 高度变化: True, 答案数量变化: True
2025-08-20 13:15:26,118 - INFO - 找到 2 个可能的加载更多按钮:
2025-08-20 13:15:26,119 - INFO -   按钮1: '更多'
2025-08-20 13:15:26,119 - INFO -   按钮2: '更多'
2025-08-20 13:15:26,152 - INFO - 未找到'没有更多'指示器
2025-08-20 13:15:26,152 - INFO - 检测到页面变化，重置计数器
2025-08-20 13:15:28,449 - INFO - 浏览器已关闭
